{"/Users/temich/repos/toa/runtime/norm/src/shortcuts.js": {"path":"/Users/temich/repos/toa/runtime/norm/src/shortcuts.js","statementMap":{"0":{"start":{"line":3,"column":25},"end":{"line":3,"column":51}},"1":{"start":{"line":11,"column":16},"end":{"line":14,"column":1}},"2":{"start":{"line":12,"column":2},"end":{"line":13,"column":19}},"3":{"start":{"line":12,"column":26},"end":{"line":12,"column":49}},"4":{"start":{"line":13,"column":7},"end":{"line":13,"column":19}},"5":{"start":{"line":23,"column":18},"end":{"line":39,"column":1}},"6":{"start":{"line":24,"column":2},"end":{"line":24,"column":34}},"7":{"start":{"line":24,"column":28},"end":{"line":24,"column":34}},"8":{"start":{"line":26,"column":17},"end":{"line":26,"column":50}},"9":{"start":{"line":28,"column":2},"end":{"line":36,"column":3}},"10":{"start":{"line":29,"column":18},"end":{"line":29,"column":31}},"11":{"start":{"line":31,"column":4},"end":{"line":31,"column":37}},"12":{"start":{"line":31,"column":29},"end":{"line":31,"column":37}},"13":{"start":{"line":33,"column":4},"end":{"line":33,"column":24}},"14":{"start":{"line":35,"column":4},"end":{"line":35,"column":24}},"15":{"start":{"line":38,"column":2},"end":{"line":38,"column":89}},"16":{"start":{"line":38,"column":45},"end":{"line":38,"column":89}},"17":{"start":{"line":41,"column":18},"end":{"line":52,"column":1}},"18":{"start":{"line":54,"column":0},"end":{"line":54,"column":29}},"19":{"start":{"line":55,"column":0},"end":{"line":55,"column":25}},"20":{"start":{"line":56,"column":0},"end":{"line":56,"column":29}}},"fnMap":{"0":{"name":"(anonymous_0)","decl":{"start":{"line":11,"column":16},"end":{"line":11,"column":17}},"loc":{"start":{"line":11,"column":27},"end":{"line":14,"column":1}},"line":11},"1":{"name":"(anonymous_1)","decl":{"start":{"line":23,"column":18},"end":{"line":23,"column":19}},"loc":{"start":{"line":23,"column":48},"end":{"line":39,"column":1}},"line":23}},"branchMap":{"0":{"loc":{"start":{"line":12,"column":2},"end":{"line":13,"column":19}},"type":"if","locations":[{"start":{"line":12,"column":2},"end":{"line":13,"column":19}},{"start":{"line":13,"column":7},"end":{"line":13,"column":19}}],"line":12},"1":{"loc":{"start":{"line":24,"column":2},"end":{"line":24,"column":34}},"type":"if","locations":[{"start":{"line":24,"column":2},"end":{"line":24,"column":34}},{"start":{},"end":{}}],"line":24},"2":{"loc":{"start":{"line":26,"column":17},"end":{"line":26,"column":50}},"type":"cond-expr","locations":[{"start":{"line":26,"column":39},"end":{"line":26,"column":45}},{"start":{"line":26,"column":48},"end":{"line":26,"column":50}}],"line":26},"3":{"loc":{"start":{"line":31,"column":4},"end":{"line":31,"column":37}},"type":"if","locations":[{"start":{"line":31,"column":4},"end":{"line":31,"column":37}},{"start":{},"end":{}}],"line":31},"4":{"loc":{"start":{"line":38,"column":2},"end":{"line":38,"column":89}},"type":"if","locations":[{"start":{"line":38,"column":2},"end":{"line":38,"column":89}},{"start":{},"end":{}}],"line":38},"5":{"loc":{"start":{"line":38,"column":6},"end":{"line":38,"column":43}},"type":"binary-expr","locations":[{"start":{"line":38,"column":6},"end":{"line":38,"column":25}},{"start":{"line":38,"column":29},"end":{"line":38,"column":43}}],"line":38}},"s":{"0":1,"1":1,"2":0,"3":0,"4":0,"5":1,"6":0,"7":0,"8":0,"9":0,"10":0,"11":0,"12":0,"13":0,"14":0,"15":0,"16":0,"17":1,"18":1,"19":1,"20":1},"f":{"0":0,"1":0},"b":{"0":[0,0],"1":[0,0],"2":[0,0],"3":[0,0],"4":[0,0],"5":[0,0]},"_coverageSchema":"1a1c01bbd47fc00a2c39e90264f33305004495a9","hash":"30a8b7a2892095d00563a1d0a657c360009b5a1d"}
,"/Users/temich/repos/toa/runtime/norm/src/.component/collapse.js": {"path":"/Users/temich/repos/toa/runtime/norm/src/.component/collapse.js","statementMap":{"0":{"start":{"line":3,"column":18},"end":{"line":3,"column":44}},"1":{"start":{"line":5,"column":17},"end":{"line":42,"column":1}},"2":{"start":{"line":6,"column":2},"end":{"line":6,"column":27}},"3":{"start":{"line":8,"column":2},"end":{"line":35,"column":3}},"4":{"start":{"line":9,"column":4},"end":{"line":9,"column":81}},"5":{"start":{"line":11,"column":23},"end":{"line":11,"column":59}},"6":{"start":{"line":13,"column":4},"end":{"line":34,"column":5}},"7":{"start":{"line":14,"column":6},"end":{"line":14,"column":69}},"8":{"start":{"line":14,"column":45},"end":{"line":14,"column":69}},"9":{"start":{"line":16,"column":6},"end":{"line":33,"column":7}},"10":{"start":{"line":17,"column":8},"end":{"line":22,"column":9}},"11":{"start":{"line":17,"column":57},"end":{"line":17,"column":91}},"12":{"start":{"line":19,"column":39},"end":{"line":19,"column":48}},"13":{"start":{"line":21,"column":10},"end":{"line":21,"column":26}},"14":{"start":{"line":24,"column":52},"end":{"line":24,"column":61}},"15":{"start":{"line":26,"column":8},"end":{"line":26,"column":57}},"16":{"start":{"line":28,"column":8},"end":{"line":32,"column":9}},"17":{"start":{"line":29,"column":10},"end":{"line":29,"column":93}},"18":{"start":{"line":29,"column":59},"end":{"line":29,"column":93}},"19":{"start":{"line":31,"column":10},"end":{"line":31,"column":62}},"20":{"start":{"line":37,"column":2},"end":{"line":37,"column":34}},"21":{"start":{"line":39,"column":41},"end":{"line":39,"column":50}},"22":{"start":{"line":41,"column":2},"end":{"line":41,"column":49}},"23":{"start":{"line":44,"column":0},"end":{"line":44,"column":27}}},"fnMap":{"0":{"name":"(anonymous_0)","decl":{"start":{"line":5,"column":17},"end":{"line":5,"column":18}},"loc":{"start":{"line":5,"column":42},"end":{"line":42,"column":1}},"line":5}},"branchMap":{"0":{"loc":{"start":{"line":8,"column":2},"end":{"line":35,"column":3}},"type":"if","locations":[{"start":{"line":8,"column":2},"end":{"line":35,"column":3}},{"start":{},"end":{}}],"line":8},"1":{"loc":{"start":{"line":13,"column":4},"end":{"line":34,"column":5}},"type":"if","locations":[{"start":{"line":13,"column":4},"end":{"line":34,"column":5}},{"start":{},"end":{}}],"line":13},"2":{"loc":{"start":{"line":14,"column":6},"end":{"line":14,"column":69}},"type":"if","locations":[{"start":{"line":14,"column":6},"end":{"line":14,"column":69}},{"start":{},"end":{}}],"line":14},"3":{"loc":{"start":{"line":17,"column":8},"end":{"line":22,"column":9}},"type":"if","locations":[{"start":{"line":17,"column":8},"end":{"line":22,"column":9}},{"start":{"line":18,"column":13},"end":{"line":22,"column":9}}],"line":17},"4":{"loc":{"start":{"line":28,"column":8},"end":{"line":32,"column":9}},"type":"if","locations":[{"start":{"line":28,"column":8},"end":{"line":32,"column":9}},{"start":{},"end":{}}],"line":28},"5":{"loc":{"start":{"line":29,"column":10},"end":{"line":29,"column":93}},"type":"if","locations":[{"start":{"line":29,"column":10},"end":{"line":29,"column":93}},{"start":{},"end":{}}],"line":29}},"s":{"0":1,"1":1,"2":0,"3":0,"4":0,"5":0,"6":0,"7":0,"8":0,"9":0,"10":0,"11":0,"12":0,"13":0,"14":0,"15":0,"16":0,"17":0,"18":0,"19":0,"20":0,"21":0,"22":0,"23":1},"f":{"0":0},"b":{"0":[0,0],"1":[0,0],"2":[0,0],"3":[0,0],"4":[0,0],"5":[0,0]},"_coverageSchema":"1a1c01bbd47fc00a2c39e90264f33305004495a9","hash":"31aebea618a729623dbcf3b617f5a1d6504f45bb"}
,"/Users/temich/repos/toa/runtime/norm/src/.component/defaults.js": {"path":"/Users/temich/repos/toa/runtime/norm/src/.component/defaults.js","statementMap":{"0":{"start":{"line":3,"column":17},"end":{"line":3,"column":43}},"1":{"start":{"line":6,"column":17},"end":{"line":17,"column":1}},"2":{"start":{"line":7,"column":2},"end":{"line":7,"column":80}},"3":{"start":{"line":7,"column":40},"end":{"line":7,"column":80}},"4":{"start":{"line":8,"column":2},"end":{"line":8,"column":70}},"5":{"start":{"line":8,"column":35},"end":{"line":8,"column":70}},"6":{"start":{"line":9,"column":2},"end":{"line":9,"column":84}},"7":{"start":{"line":9,"column":39},"end":{"line":9,"column":84}},"8":{"start":{"line":10,"column":2},"end":{"line":10,"column":77}},"9":{"start":{"line":10,"column":37},"end":{"line":10,"column":77}},"10":{"start":{"line":11,"column":2},"end":{"line":11,"column":100}},"11":{"start":{"line":11,"column":65},"end":{"line":11,"column":100}},"12":{"start":{"line":12,"column":2},"end":{"line":12,"column":97}},"13":{"start":{"line":12,"column":45},"end":{"line":12,"column":97}},"14":{"start":{"line":13,"column":2},"end":{"line":13,"column":89}},"15":{"start":{"line":13,"column":40},"end":{"line":13,"column":89}},"16":{"start":{"line":16,"column":2},"end":{"line":16,"column":64}},"17":{"start":{"line":16,"column":38},"end":{"line":16,"column":64}},"18":{"start":{"line":20,"column":2},"end":{"line":20,"column":38}},"19":{"start":{"line":23,"column":0},"end":{"line":23,"column":27}}},"fnMap":{"0":{"name":"(anonymous_0)","decl":{"start":{"line":6,"column":17},"end":{"line":6,"column":18}},"loc":{"start":{"line":6,"column":31},"end":{"line":17,"column":1}},"line":6},"1":{"name":"protoName","decl":{"start":{"line":19,"column":9},"end":{"line":19,"column":18}},"loc":{"start":{"line":19,"column":30},"end":{"line":21,"column":1}},"line":19}},"branchMap":{"0":{"loc":{"start":{"line":7,"column":2},"end":{"line":7,"column":80}},"type":"if","locations":[{"start":{"line":7,"column":2},"end":{"line":7,"column":80}},{"start":{},"end":{}}],"line":7},"1":{"loc":{"start":{"line":8,"column":2},"end":{"line":8,"column":70}},"type":"if","locations":[{"start":{"line":8,"column":2},"end":{"line":8,"column":70}},{"start":{},"end":{}}],"line":8},"2":{"loc":{"start":{"line":9,"column":2},"end":{"line":9,"column":84}},"type":"if","locations":[{"start":{"line":9,"column":2},"end":{"line":9,"column":84}},{"start":{},"end":{}}],"line":9},"3":{"loc":{"start":{"line":10,"column":2},"end":{"line":10,"column":77}},"type":"if","locations":[{"start":{"line":10,"column":2},"end":{"line":10,"column":77}},{"start":{},"end":{}}],"line":10},"4":{"loc":{"start":{"line":11,"column":2},"end":{"line":11,"column":100}},"type":"if","locations":[{"start":{"line":11,"column":2},"end":{"line":11,"column":100}},{"start":{},"end":{}}],"line":11},"5":{"loc":{"start":{"line":11,"column":6},"end":{"line":11,"column":63}},"type":"binary-expr","locations":[{"start":{"line":11,"column":6},"end":{"line":11,"column":30}},{"start":{"line":11,"column":34},"end":{"line":11,"column":63}}],"line":11},"6":{"loc":{"start":{"line":12,"column":2},"end":{"line":12,"column":97}},"type":"if","locations":[{"start":{"line":12,"column":2},"end":{"line":12,"column":97}},{"start":{},"end":{}}],"line":12},"7":{"loc":{"start":{"line":13,"column":2},"end":{"line":13,"column":89}},"type":"if","locations":[{"start":{"line":13,"column":2},"end":{"line":13,"column":89}},{"start":{},"end":{}}],"line":13},"8":{"loc":{"start":{"line":16,"column":2},"end":{"line":16,"column":64}},"type":"if","locations":[{"start":{"line":16,"column":2},"end":{"line":16,"column":64}},{"start":{},"end":{}}],"line":16}},"s":{"0":1,"1":1,"2":0,"3":0,"4":0,"5":0,"6":0,"7":0,"8":0,"9":0,"10":0,"11":0,"12":0,"13":0,"14":0,"15":0,"16":0,"17":0,"18":0,"19":1},"f":{"0":0,"1":0},"b":{"0":[0,0],"1":[0,0],"2":[0,0],"3":[0,0],"4":[0,0],"5":[0,0],"6":[0,0],"7":[0,0],"8":[0,0]},"_coverageSchema":"1a1c01bbd47fc00a2c39e90264f33305004495a9","hash":"b97719b8373ebdb7a4a32a0232508dab52595508"}
,"/Users/temich/repos/toa/runtime/norm/src/.component/dependencies.js": {"path":"/Users/temich/repos/toa/runtime/norm/src/.component/dependencies.js","statementMap":{"0":{"start":{"line":3,"column":26},"end":{"line":3,"column":46}},"1":{"start":{"line":8,"column":21},"end":{"line":10,"column":1}},"2":{"start":{"line":9,"column":2},"end":{"line":9,"column":105}},"3":{"start":{"line":9,"column":29},"end":{"line":9,"column":105}},"4":{"start":{"line":13,"column":16},"end":{"line":13,"column":33}},"5":{"start":{"line":14,"column":18},"end":{"line":14,"column":27}},"6":{"start":{"line":18,"column":2},"end":{"line":24,"column":3}},"7":{"start":{"line":19,"column":27},"end":{"line":19,"column":58}},"8":{"start":{"line":21,"column":4},"end":{"line":21,"column":51}},"9":{"start":{"line":23,"column":4},"end":{"line":23,"column":46}},"10":{"start":{"line":26,"column":2},"end":{"line":26,"column":22}},"11":{"start":{"line":29,"column":0},"end":{"line":29,"column":35}}},"fnMap":{"0":{"name":"(anonymous_0)","decl":{"start":{"line":8,"column":21},"end":{"line":8,"column":22}},"loc":{"start":{"line":8,"column":36},"end":{"line":10,"column":1}},"line":8},"1":{"name":"resolve","decl":{"start":{"line":12,"column":9},"end":{"line":12,"column":16}},"loc":{"start":{"line":12,"column":35},"end":{"line":27,"column":1}},"line":12}},"branchMap":{"0":{"loc":{"start":{"line":9,"column":2},"end":{"line":9,"column":105}},"type":"if","locations":[{"start":{"line":9,"column":2},"end":{"line":9,"column":105}},{"start":{},"end":{}}],"line":9}},"s":{"0":1,"1":1,"2":0,"3":0,"4":0,"5":0,"6":0,"7":0,"8":0,"9":0,"10":0,"11":1},"f":{"0":0,"1":0},"b":{"0":[0,0]},"_coverageSchema":"1a1c01bbd47fc00a2c39e90264f33305004495a9","hash":"e6f3eacff80e27951eca579c9dc1680e3678989c"}
,"/Users/temich/repos/toa/runtime/norm/src/.component/dereference.js": {"path":"/Users/temich/repos/toa/runtime/norm/src/.component/dereference.js","statementMap":{"0":{"start":{"line":3,"column":18},"end":{"line":3,"column":44}},"1":{"start":{"line":5,"column":20},"end":{"line":24,"column":1}},"2":{"start":{"line":7,"column":19},"end":{"line":7,"column":61}},"3":{"start":{"line":9,"column":2},"end":{"line":9,"column":42}},"4":{"start":{"line":11,"column":2},"end":{"line":14,"column":3}},"5":{"start":{"line":12,"column":4},"end":{"line":12,"column":90}},"6":{"start":{"line":12,"column":39},"end":{"line":12,"column":90}},"7":{"start":{"line":13,"column":4},"end":{"line":13,"column":93}},"8":{"start":{"line":13,"column":40},"end":{"line":13,"column":93}},"9":{"start":{"line":17,"column":2},"end":{"line":19,"column":3}},"10":{"start":{"line":18,"column":4},"end":{"line":18,"column":80}},"11":{"start":{"line":18,"column":41},"end":{"line":18,"column":80}},"12":{"start":{"line":21,"column":2},"end":{"line":23,"column":3}},"13":{"start":{"line":22,"column":4},"end":{"line":22,"column":30}},"14":{"start":{"line":26,"column":16},"end":{"line":32,"column":1}},"15":{"start":{"line":26,"column":28},"end":{"line":32,"column":1}},"16":{"start":{"line":27,"column":2},"end":{"line":29,"column":3}},"17":{"start":{"line":28,"column":4},"end":{"line":28,"column":71}},"18":{"start":{"line":31,"column":2},"end":{"line":31,"column":25}},"19":{"start":{"line":34,"column":15},"end":{"line":48,"column":1}},"20":{"start":{"line":35,"column":2},"end":{"line":35,"column":83}},"21":{"start":{"line":35,"column":77},"end":{"line":35,"column":83}},"22":{"start":{"line":36,"column":2},"end":{"line":36,"column":106}},"23":{"start":{"line":36,"column":63},"end":{"line":36,"column":106}},"24":{"start":{"line":38,"column":2},"end":{"line":45,"column":3}},"25":{"start":{"line":39,"column":4},"end":{"line":39,"column":48}},"26":{"start":{"line":40,"column":9},"end":{"line":45,"column":3}},"27":{"start":{"line":41,"column":4},"end":{"line":44,"column":5}},"28":{"start":{"line":42,"column":6},"end":{"line":43,"column":59}},"29":{"start":{"line":42,"column":61},"end":{"line":42,"column":100}},"30":{"start":{"line":43,"column":11},"end":{"line":43,"column":59}},"31":{"start":{"line":47,"column":2},"end":{"line":47,"column":15}},"32":{"start":{"line":50,"column":16},"end":{"line":66,"column":1}},"33":{"start":{"line":51,"column":17},"end":{"line":51,"column":46}},"34":{"start":{"line":53,"column":2},"end":{"line":53,"column":105}},"35":{"start":{"line":53,"column":28},"end":{"line":53,"column":105}},"36":{"start":{"line":55,"column":2},"end":{"line":59,"column":3}},"37":{"start":{"line":56,"column":4},"end":{"line":56,"column":62}},"38":{"start":{"line":56,"column":35},"end":{"line":56,"column":62}},"39":{"start":{"line":58,"column":4},"end":{"line":58,"column":38}},"40":{"start":{"line":61,"column":2},"end":{"line":61,"column":28}},"41":{"start":{"line":63,"column":31},"end":{"line":63,"column":37}},"42":{"start":{"line":65,"column":2},"end":{"line":65,"column":24}},"43":{"start":{"line":68,"column":0},"end":{"line":68,"column":33}}},"fnMap":{"0":{"name":"(anonymous_0)","decl":{"start":{"line":5,"column":20},"end":{"line":5,"column":21}},"loc":{"start":{"line":5,"column":34},"end":{"line":24,"column":1}},"line":5},"1":{"name":"(anonymous_1)","decl":{"start":{"line":26,"column":16},"end":{"line":26,"column":17}},"loc":{"start":{"line":26,"column":28},"end":{"line":32,"column":1}},"line":26},"2":{"name":"(anonymous_2)","decl":{"start":{"line":26,"column":28},"end":{"line":26,"column":29}},"loc":{"start":{"line":26,"column":42},"end":{"line":32,"column":1}},"line":26},"3":{"name":"(anonymous_3)","decl":{"start":{"line":34,"column":15},"end":{"line":34,"column":16}},"loc":{"start":{"line":34,"column":36},"end":{"line":48,"column":1}},"line":34},"4":{"name":"(anonymous_4)","decl":{"start":{"line":50,"column":16},"end":{"line":50,"column":17}},"loc":{"start":{"line":50,"column":43},"end":{"line":66,"column":1}},"line":50}},"branchMap":{"0":{"loc":{"start":{"line":12,"column":4},"end":{"line":12,"column":90}},"type":"if","locations":[{"start":{"line":12,"column":4},"end":{"line":12,"column":90}},{"start":{},"end":{}}],"line":12},"1":{"loc":{"start":{"line":13,"column":4},"end":{"line":13,"column":93}},"type":"if","locations":[{"start":{"line":13,"column":4},"end":{"line":13,"column":93}},{"start":{},"end":{}}],"line":13},"2":{"loc":{"start":{"line":18,"column":4},"end":{"line":18,"column":80}},"type":"if","locations":[{"start":{"line":18,"column":4},"end":{"line":18,"column":80}},{"start":{},"end":{}}],"line":18},"3":{"loc":{"start":{"line":27,"column":2},"end":{"line":29,"column":3}},"type":"if","locations":[{"start":{"line":27,"column":2},"end":{"line":29,"column":3}},{"start":{},"end":{}}],"line":27},"4":{"loc":{"start":{"line":35,"column":2},"end":{"line":35,"column":83}},"type":"if","locations":[{"start":{"line":35,"column":2},"end":{"line":35,"column":83}},{"start":{},"end":{}}],"line":35},"5":{"loc":{"start":{"line":35,"column":6},"end":{"line":35,"column":75}},"type":"binary-expr","locations":[{"start":{"line":35,"column":6},"end":{"line":35,"column":26}},{"start":{"line":35,"column":30},"end":{"line":35,"column":45}},{"start":{"line":35,"column":49},"end":{"line":35,"column":75}}],"line":35},"6":{"loc":{"start":{"line":36,"column":2},"end":{"line":36,"column":106}},"type":"if","locations":[{"start":{"line":36,"column":2},"end":{"line":36,"column":106}},{"start":{},"end":{}}],"line":36},"7":{"loc":{"start":{"line":36,"column":6},"end":{"line":36,"column":61}},"type":"binary-expr","locations":[{"start":{"line":36,"column":6},"end":{"line":36,"column":30}},{"start":{"line":36,"column":34},"end":{"line":36,"column":61}}],"line":36},"8":{"loc":{"start":{"line":38,"column":2},"end":{"line":45,"column":3}},"type":"if","locations":[{"start":{"line":38,"column":2},"end":{"line":45,"column":3}},{"start":{"line":40,"column":9},"end":{"line":45,"column":3}}],"line":38},"9":{"loc":{"start":{"line":40,"column":9},"end":{"line":45,"column":3}},"type":"if","locations":[{"start":{"line":40,"column":9},"end":{"line":45,"column":3}},{"start":{},"end":{}}],"line":40},"10":{"loc":{"start":{"line":42,"column":6},"end":{"line":43,"column":59}},"type":"if","locations":[{"start":{"line":42,"column":6},"end":{"line":43,"column":59}},{"start":{"line":43,"column":11},"end":{"line":43,"column":59}}],"line":42},"11":{"loc":{"start":{"line":42,"column":10},"end":{"line":42,"column":59}},"type":"binary-expr","locations":[{"start":{"line":42,"column":10},"end":{"line":42,"column":34}},{"start":{"line":42,"column":38},"end":{"line":42,"column":59}}],"line":42},"12":{"loc":{"start":{"line":53,"column":2},"end":{"line":53,"column":105}},"type":"if","locations":[{"start":{"line":53,"column":2},"end":{"line":53,"column":105}},{"start":{},"end":{}}],"line":53},"13":{"loc":{"start":{"line":55,"column":2},"end":{"line":59,"column":3}},"type":"if","locations":[{"start":{"line":55,"column":2},"end":{"line":59,"column":3}},{"start":{},"end":{}}],"line":55},"14":{"loc":{"start":{"line":56,"column":4},"end":{"line":56,"column":62}},"type":"if","locations":[{"start":{"line":56,"column":4},"end":{"line":56,"column":62}},{"start":{},"end":{}}],"line":56}},"s":{"0":1,"1":1,"2":0,"3":0,"4":0,"5":0,"6":0,"7":0,"8":0,"9":0,"10":0,"11":0,"12":0,"13":0,"14":1,"15":0,"16":0,"17":0,"18":0,"19":1,"20":0,"21":0,"22":0,"23":0,"24":0,"25":0,"26":0,"27":0,"28":0,"29":0,"30":0,"31":0,"32":1,"33":0,"34":0,"35":0,"36":0,"37":0,"38":0,"39":0,"40":0,"41":0,"42":0,"43":1},"f":{"0":0,"1":0,"2":0,"3":0,"4":0},"b":{"0":[0,0],"1":[0,0],"2":[0,0],"3":[0,0],"4":[0,0],"5":[0,0,0],"6":[0,0],"7":[0,0],"8":[0,0],"9":[0,0],"10":[0,0],"11":[0,0],"12":[0,0],"13":[0,0],"14":[0,0]},"_coverageSchema":"1a1c01bbd47fc00a2c39e90264f33305004495a9","hash":"a50c1c3a29aef7ae6a64fc369b5564863e0d73a3"}
,"/Users/temich/repos/toa/runtime/norm/src/.component/expand.js": {"path":"/Users/temich/repos/toa/runtime/norm/src/.component/expand.js","statementMap":{"0":{"start":{"line":11,"column":4},"end":{"line":11,"column":24}},"1":{"start":{"line":13,"column":15},"end":{"line":21,"column":1}},"2":{"start":{"line":14,"column":2},"end":{"line":14,"column":18}},"3":{"start":{"line":15,"column":2},"end":{"line":15,"column":18}},"4":{"start":{"line":16,"column":2},"end":{"line":16,"column":22}},"5":{"start":{"line":17,"column":2},"end":{"line":17,"column":18}},"6":{"start":{"line":18,"column":2},"end":{"line":18,"column":21}},"7":{"start":{"line":19,"column":2},"end":{"line":19,"column":22}},"8":{"start":{"line":20,"column":2},"end":{"line":20,"column":22}},"9":{"start":{"line":23,"column":0},"end":{"line":23,"column":23}}},"fnMap":{"0":{"name":"(anonymous_0)","decl":{"start":{"line":13,"column":15},"end":{"line":13,"column":16}},"loc":{"start":{"line":13,"column":29},"end":{"line":21,"column":1}},"line":13}},"branchMap":{},"s":{"0":1,"1":1,"2":0,"3":0,"4":0,"5":0,"6":0,"7":0,"8":0,"9":1},"f":{"0":0},"b":{},"_coverageSchema":"1a1c01bbd47fc00a2c39e90264f33305004495a9","hash":"d4b8ef7dbac3fc778031dcb82f4ad98a03e0042f"}
,"/Users/temich/repos/toa/runtime/norm/src/.component/index.js": {"path":"/Users/temich/repos/toa/runtime/norm/src/.component/index.js","statementMap":{"0":{"start":{"line":3,"column":21},"end":{"line":3,"column":42}},"1":{"start":{"line":4,"column":21},"end":{"line":4,"column":42}},"2":{"start":{"line":5,"column":25},"end":{"line":5,"column":50}},"3":{"start":{"line":6,"column":24},"end":{"line":6,"column":48}},"4":{"start":{"line":7,"column":19},"end":{"line":7,"column":38}},"5":{"start":{"line":8,"column":18},"end":{"line":8,"column":36}},"6":{"start":{"line":9,"column":22},"end":{"line":9,"column":44}},"7":{"start":{"line":10,"column":21},"end":{"line":10,"column":42}},"8":{"start":{"line":12,"column":0},"end":{"line":12,"column":27}},"9":{"start":{"line":13,"column":0},"end":{"line":13,"column":27}},"10":{"start":{"line":14,"column":0},"end":{"line":14,"column":35}},"11":{"start":{"line":15,"column":0},"end":{"line":15,"column":33}},"12":{"start":{"line":16,"column":0},"end":{"line":16,"column":23}},"13":{"start":{"line":17,"column":0},"end":{"line":17,"column":21}},"14":{"start":{"line":18,"column":0},"end":{"line":18,"column":29}},"15":{"start":{"line":19,"column":0},"end":{"line":19,"column":27}}},"fnMap":{},"branchMap":{},"s":{"0":1,"1":1,"2":1,"3":1,"4":1,"5":1,"6":1,"7":1,"8":1,"9":1,"10":1,"11":1,"12":1,"13":1,"14":1,"15":1},"f":{},"b":{},"_coverageSchema":"1a1c01bbd47fc00a2c39e90264f33305004495a9","hash":"05903adca0c80dc1629362ad899f4780fe274951"}
,"/Users/temich/repos/toa/runtime/norm/src/.component/merge.js": {"path":"/Users/temich/repos/toa/runtime/norm/src/.component/merge.js","statementMap":{"0":{"start":{"line":3,"column":18},"end":{"line":3,"column":44}},"1":{"start":{"line":5,"column":15},"end":{"line":11,"column":1}},"2":{"start":{"line":6,"column":2},"end":{"line":10,"column":4}},"3":{"start":{"line":13,"column":15},"end":{"line":47,"column":1}},"4":{"start":{"line":14,"column":19},"end":{"line":14,"column":47}},"5":{"start":{"line":17,"column":2},"end":{"line":27,"column":3}},"6":{"start":{"line":18,"column":4},"end":{"line":26,"column":5}},"7":{"start":{"line":19,"column":6},"end":{"line":19,"column":80}},"8":{"start":{"line":19,"column":72},"end":{"line":19,"column":80}},"9":{"start":{"line":21,"column":21},"end":{"line":21,"column":51}},"10":{"start":{"line":22,"column":25},"end":{"line":22,"column":40}},"11":{"start":{"line":23,"column":25},"end":{"line":23,"column":63}},"12":{"start":{"line":25,"column":6},"end":{"line":25,"column":29}},"13":{"start":{"line":30,"column":21},"end":{"line":30,"column":64}},"14":{"start":{"line":31,"column":16},"end":{"line":31,"column":42}},"15":{"start":{"line":33,"column":2},"end":{"line":46,"column":3}},"16":{"start":{"line":34,"column":4},"end":{"line":34,"column":65}},"17":{"start":{"line":34,"column":42},"end":{"line":34,"column":65}},"18":{"start":{"line":36,"column":4},"end":{"line":45,"column":5}},"19":{"start":{"line":37,"column":6},"end":{"line":37,"column":53}},"20":{"start":{"line":37,"column":37},"end":{"line":37,"column":53}},"21":{"start":{"line":39,"column":6},"end":{"line":39,"column":35}},"22":{"start":{"line":41,"column":23},"end":{"line":41,"column":51}},"23":{"start":{"line":43,"column":6},"end":{"line":44,"column":32}},"24":{"start":{"line":43,"column":34},"end":{"line":43,"column":69}},"25":{"start":{"line":44,"column":11},"end":{"line":44,"column":32}},"26":{"start":{"line":49,"column":13},"end":{"line":53,"column":1}},"27":{"start":{"line":50,"column":21},"end":{"line":50,"column":36}},"28":{"start":{"line":52,"column":2},"end":{"line":52,"column":31}},"29":{"start":{"line":55,"column":0},"end":{"line":55,"column":22}}},"fnMap":{"0":{"name":"(anonymous_0)","decl":{"start":{"line":5,"column":15},"end":{"line":5,"column":16}},"loc":{"start":{"line":5,"column":41},"end":{"line":11,"column":1}},"line":5},"1":{"name":"(anonymous_1)","decl":{"start":{"line":13,"column":15},"end":{"line":13,"column":16}},"loc":{"start":{"line":13,"column":51},"end":{"line":47,"column":1}},"line":13},"2":{"name":"(anonymous_2)","decl":{"start":{"line":49,"column":13},"end":{"line":49,"column":14}},"loc":{"start":{"line":49,"column":47},"end":{"line":53,"column":1}},"line":49}},"branchMap":{"0":{"loc":{"start":{"line":17,"column":2},"end":{"line":27,"column":3}},"type":"if","locations":[{"start":{"line":17,"column":2},"end":{"line":27,"column":3}},{"start":{},"end":{}}],"line":17},"1":{"loc":{"start":{"line":19,"column":6},"end":{"line":19,"column":80}},"type":"if","locations":[{"start":{"line":19,"column":6},"end":{"line":19,"column":80}},{"start":{},"end":{}}],"line":19},"2":{"loc":{"start":{"line":19,"column":10},"end":{"line":19,"column":70}},"type":"binary-expr","locations":[{"start":{"line":19,"column":10},"end":{"line":19,"column":35}},{"start":{"line":19,"column":39},"end":{"line":19,"column":70}}],"line":19},"3":{"loc":{"start":{"line":21,"column":21},"end":{"line":21,"column":51}},"type":"binary-expr","locations":[{"start":{"line":21,"column":21},"end":{"line":21,"column":32}},{"start":{"line":21,"column":36},"end":{"line":21,"column":51}}],"line":21},"4":{"loc":{"start":{"line":33,"column":2},"end":{"line":46,"column":3}},"type":"if","locations":[{"start":{"line":33,"column":2},"end":{"line":46,"column":3}},{"start":{},"end":{}}],"line":33},"5":{"loc":{"start":{"line":34,"column":4},"end":{"line":34,"column":65}},"type":"if","locations":[{"start":{"line":34,"column":4},"end":{"line":34,"column":65}},{"start":{},"end":{}}],"line":34},"6":{"loc":{"start":{"line":37,"column":6},"end":{"line":37,"column":53}},"type":"if","locations":[{"start":{"line":37,"column":6},"end":{"line":37,"column":53}},{"start":{},"end":{}}],"line":37},"7":{"loc":{"start":{"line":43,"column":6},"end":{"line":44,"column":32}},"type":"if","locations":[{"start":{"line":43,"column":6},"end":{"line":44,"column":32}},{"start":{"line":44,"column":11},"end":{"line":44,"column":32}}],"line":43}},"s":{"0":1,"1":1,"2":0,"3":1,"4":0,"5":0,"6":0,"7":0,"8":0,"9":0,"10":0,"11":0,"12":0,"13":0,"14":0,"15":0,"16":0,"17":0,"18":0,"19":0,"20":0,"21":0,"22":0,"23":0,"24":0,"25":0,"26":1,"27":0,"28":0,"29":1},"f":{"0":0,"1":0,"2":0},"b":{"0":[0,0],"1":[0,0],"2":[0,0],"3":[0,0],"4":[0,0],"5":[0,0],"6":[0,0],"7":[0,0]},"_coverageSchema":"1a1c01bbd47fc00a2c39e90264f33305004495a9","hash":"e57de092706455c6a53457885587b45c0bc22af9"}
,"/Users/temich/repos/toa/runtime/norm/src/.component/normalize.js": {"path":"/Users/temich/repos/toa/runtime/norm/src/.component/normalize.js","statementMap":{"0":{"start":{"line":3,"column":54},"end":{"line":3,"column":77}},"1":{"start":{"line":5,"column":18},"end":{"line":10,"column":1}},"2":{"start":{"line":6,"column":2},"end":{"line":6,"column":23}},"3":{"start":{"line":7,"column":2},"end":{"line":7,"column":19}},"4":{"start":{"line":8,"column":2},"end":{"line":8,"column":22}},"5":{"start":{"line":9,"column":2},"end":{"line":9,"column":23}},"6":{"start":{"line":12,"column":0},"end":{"line":12,"column":29}}},"fnMap":{"0":{"name":"(anonymous_0)","decl":{"start":{"line":5,"column":18},"end":{"line":5,"column":19}},"loc":{"start":{"line":5,"column":46},"end":{"line":10,"column":1}},"line":5}},"branchMap":{},"s":{"0":1,"1":1,"2":0,"3":0,"4":0,"5":0,"6":1},"f":{"0":0},"b":{},"_coverageSchema":"1a1c01bbd47fc00a2c39e90264f33305004495a9","hash":"1d1409000388fc23f6a513b4cbcf2f6532c7592b"}
,"/Users/temich/repos/toa/runtime/norm/src/.component/validate.js": {"path":"/Users/temich/repos/toa/runtime/norm/src/.component/validate.js","statementMap":{"0":{"start":{"line":3,"column":13},"end":{"line":3,"column":33}},"1":{"start":{"line":5,"column":17},"end":{"line":5,"column":40}},"2":{"start":{"line":6,"column":19},"end":{"line":6,"column":44}},"3":{"start":{"line":8,"column":15},"end":{"line":8,"column":64}},"4":{"start":{"line":9,"column":15},"end":{"line":9,"column":33}},"5":{"start":{"line":11,"column":17},"end":{"line":18,"column":1}},"6":{"start":{"line":12,"column":16},"end":{"line":12,"column":36}},"7":{"start":{"line":14,"column":2},"end":{"line":14,"column":43}},"8":{"start":{"line":14,"column":13},"end":{"line":14,"column":43}},"9":{"start":{"line":16,"column":2},"end":{"line":16,"column":53}},"10":{"start":{"line":16,"column":37},"end":{"line":16,"column":53}},"11":{"start":{"line":17,"column":2},"end":{"line":17,"column":59}},"12":{"start":{"line":17,"column":40},"end":{"line":17,"column":59}},"13":{"start":{"line":20,"column":15},"end":{"line":26,"column":1}},"14":{"start":{"line":21,"column":2},"end":{"line":25,"column":3}},"15":{"start":{"line":22,"column":4},"end":{"line":24,"column":5}},"16":{"start":{"line":23,"column":6},"end":{"line":23,"column":81}},"17":{"start":{"line":28,"column":18},"end":{"line":38,"column":1}},"18":{"start":{"line":29,"column":2},"end":{"line":37,"column":3}},"19":{"start":{"line":30,"column":4},"end":{"line":32,"column":5}},"20":{"start":{"line":31,"column":6},"end":{"line":31,"column":100}},"21":{"start":{"line":34,"column":4},"end":{"line":36,"column":5}},"22":{"start":{"line":35,"column":6},"end":{"line":35,"column":134}},"23":{"start":{"line":40,"column":14},"end":{"line":40,"column":47}},"24":{"start":{"line":42,"column":0},"end":{"line":42,"column":27}}},"fnMap":{"0":{"name":"(anonymous_0)","decl":{"start":{"line":11,"column":17},"end":{"line":11,"column":18}},"loc":{"start":{"line":11,"column":31},"end":{"line":18,"column":1}},"line":11},"1":{"name":"(anonymous_1)","decl":{"start":{"line":20,"column":15},"end":{"line":20,"column":16}},"loc":{"start":{"line":20,"column":29},"end":{"line":26,"column":1}},"line":20},"2":{"name":"(anonymous_2)","decl":{"start":{"line":28,"column":18},"end":{"line":28,"column":19}},"loc":{"start":{"line":28,"column":32},"end":{"line":38,"column":1}},"line":28}},"branchMap":{"0":{"loc":{"start":{"line":14,"column":2},"end":{"line":14,"column":43}},"type":"if","locations":[{"start":{"line":14,"column":2},"end":{"line":14,"column":43}},{"start":{},"end":{}}],"line":14},"1":{"loc":{"start":{"line":16,"column":2},"end":{"line":16,"column":53}},"type":"if","locations":[{"start":{"line":16,"column":2},"end":{"line":16,"column":53}},{"start":{},"end":{}}],"line":16},"2":{"loc":{"start":{"line":17,"column":2},"end":{"line":17,"column":59}},"type":"if","locations":[{"start":{"line":17,"column":2},"end":{"line":17,"column":59}},{"start":{},"end":{}}],"line":17},"3":{"loc":{"start":{"line":22,"column":4},"end":{"line":24,"column":5}},"type":"if","locations":[{"start":{"line":22,"column":4},"end":{"line":24,"column":5}},{"start":{},"end":{}}],"line":22},"4":{"loc":{"start":{"line":30,"column":4},"end":{"line":32,"column":5}},"type":"if","locations":[{"start":{"line":30,"column":4},"end":{"line":32,"column":5}},{"start":{},"end":{}}],"line":30},"5":{"loc":{"start":{"line":34,"column":4},"end":{"line":36,"column":5}},"type":"if","locations":[{"start":{"line":34,"column":4},"end":{"line":36,"column":5}},{"start":{},"end":{}}],"line":34}},"s":{"0":1,"1":1,"2":1,"3":1,"4":1,"5":1,"6":1,"7":1,"8":1,"9":0,"10":0,"11":0,"12":0,"13":1,"14":0,"15":0,"16":0,"17":1,"18":0,"19":0,"20":0,"21":0,"22":0,"23":1,"24":1},"f":{"0":1,"1":0,"2":0},"b":{"0":[1,0],"1":[0,0],"2":[0,0],"3":[0,0],"4":[0,0],"5":[0,0]},"_coverageSchema":"1a1c01bbd47fc00a2c39e90264f33305004495a9","hash":"22b981d0ef6e8cfc3b84d5ba0bcbbde4c9810b87"}
,"/Users/temich/repos/toa/runtime/norm/src/.component/.expand/bridge.js": {"path":"/Users/temich/repos/toa/runtime/norm/src/.component/.expand/bridge.js","statementMap":{"0":{"start":{"line":3,"column":20},"end":{"line":3,"column":46}},"1":{"start":{"line":6,"column":2},"end":{"line":6,"column":44}},"2":{"start":{"line":9,"column":0},"end":{"line":9,"column":23}}},"fnMap":{"0":{"name":"bridge","decl":{"start":{"line":5,"column":9},"end":{"line":5,"column":15}},"loc":{"start":{"line":5,"column":27},"end":{"line":7,"column":1}},"line":5}},"branchMap":{},"s":{"0":1,"1":0,"2":1},"f":{"0":0},"b":{},"_coverageSchema":"1a1c01bbd47fc00a2c39e90264f33305004495a9","hash":"3ba1e8770f2e7eee9613149ef21a6f7517dc4220"}
,"/Users/temich/repos/toa/runtime/norm/src/.component/.expand/entity.js": {"path":"/Users/temich/repos/toa/runtime/norm/src/.component/.expand/entity.js","statementMap":{"0":{"start":{"line":3,"column":19},"end":{"line":3,"column":45}},"1":{"start":{"line":5,"column":20},"end":{"line":5,"column":46}},"2":{"start":{"line":8,"column":2},"end":{"line":8,"column":43}},"3":{"start":{"line":8,"column":37},"end":{"line":8,"column":43}},"4":{"start":{"line":9,"column":2},"end":{"line":9,"column":90}},"5":{"start":{"line":9,"column":35},"end":{"line":9,"column":90}},"6":{"start":{"line":11,"column":2},"end":{"line":11,"column":60}},"7":{"start":{"line":14,"column":0},"end":{"line":14,"column":23}}},"fnMap":{"0":{"name":"entity","decl":{"start":{"line":7,"column":9},"end":{"line":7,"column":15}},"loc":{"start":{"line":7,"column":27},"end":{"line":12,"column":1}},"line":7}},"branchMap":{"0":{"loc":{"start":{"line":8,"column":2},"end":{"line":8,"column":43}},"type":"if","locations":[{"start":{"line":8,"column":2},"end":{"line":8,"column":43}},{"start":{},"end":{}}],"line":8},"1":{"loc":{"start":{"line":9,"column":2},"end":{"line":9,"column":90}},"type":"if","locations":[{"start":{"line":9,"column":2},"end":{"line":9,"column":90}},{"start":{},"end":{}}],"line":9}},"s":{"0":1,"1":1,"2":0,"3":0,"4":0,"5":0,"6":0,"7":1},"f":{"0":0},"b":{"0":[0,0],"1":[0,0]},"_coverageSchema":"1a1c01bbd47fc00a2c39e90264f33305004495a9","hash":"827a22c07d9a68675b4ad5d06513b02742b0e5bf"}
,"/Users/temich/repos/toa/runtime/norm/src/.component/.expand/events.js": {"path":"/Users/temich/repos/toa/runtime/norm/src/.component/.expand/events.js","statementMap":{"0":{"start":{"line":3,"column":20},"end":{"line":3,"column":46}},"1":{"start":{"line":6,"column":2},"end":{"line":6,"column":43}},"2":{"start":{"line":6,"column":37},"end":{"line":6,"column":43}},"3":{"start":{"line":8,"column":2},"end":{"line":11,"column":3}},"4":{"start":{"line":9,"column":4},"end":{"line":9,"column":75}},"5":{"start":{"line":9,"column":37},"end":{"line":9,"column":75}},"6":{"start":{"line":10,"column":4},"end":{"line":10,"column":72}},"7":{"start":{"line":10,"column":36},"end":{"line":10,"column":72}},"8":{"start":{"line":14,"column":0},"end":{"line":14,"column":23}}},"fnMap":{"0":{"name":"events","decl":{"start":{"line":5,"column":9},"end":{"line":5,"column":15}},"loc":{"start":{"line":5,"column":27},"end":{"line":12,"column":1}},"line":5}},"branchMap":{"0":{"loc":{"start":{"line":6,"column":2},"end":{"line":6,"column":43}},"type":"if","locations":[{"start":{"line":6,"column":2},"end":{"line":6,"column":43}},{"start":{},"end":{}}],"line":6},"1":{"loc":{"start":{"line":9,"column":4},"end":{"line":9,"column":75}},"type":"if","locations":[{"start":{"line":9,"column":4},"end":{"line":9,"column":75}},{"start":{},"end":{}}],"line":9},"2":{"loc":{"start":{"line":10,"column":4},"end":{"line":10,"column":72}},"type":"if","locations":[{"start":{"line":10,"column":4},"end":{"line":10,"column":72}},{"start":{},"end":{}}],"line":10}},"s":{"0":1,"1":0,"2":0,"3":0,"4":0,"5":0,"6":0,"7":0,"8":1},"f":{"0":0},"b":{"0":[0,0],"1":[0,0],"2":[0,0]},"_coverageSchema":"1a1c01bbd47fc00a2c39e90264f33305004495a9","hash":"e827e495ae15352afa8fa3098d7ea2f4a7ec6128"}
,"/Users/temich/repos/toa/runtime/norm/src/.component/.expand/extensions.js": {"path":"/Users/temich/repos/toa/runtime/norm/src/.component/.expand/extensions.js","statementMap":{"0":{"start":{"line":3,"column":22},"end":{"line":3,"column":48}},"1":{"start":{"line":6,"column":2},"end":{"line":6,"column":46}},"2":{"start":{"line":7,"column":2},"end":{"line":7,"column":43}},"3":{"start":{"line":10,"column":18},"end":{"line":16,"column":1}},"4":{"start":{"line":18,"column":0},"end":{"line":18,"column":31}}},"fnMap":{"0":{"name":"extensions","decl":{"start":{"line":5,"column":9},"end":{"line":5,"column":19}},"loc":{"start":{"line":5,"column":31},"end":{"line":8,"column":1}},"line":5}},"branchMap":{},"s":{"0":1,"1":0,"2":0,"3":1,"4":1},"f":{"0":0},"b":{},"_coverageSchema":"1a1c01bbd47fc00a2c39e90264f33305004495a9","hash":"14e8e9550c65afa2a7e1b591990ca8e85203b6b1"}
,"/Users/temich/repos/toa/runtime/norm/src/.component/.expand/index.js": {"path":"/Users/temich/repos/toa/runtime/norm/src/.component/.expand/index.js","statementMap":{"0":{"start":{"line":3,"column":19},"end":{"line":3,"column":38}},"1":{"start":{"line":4,"column":19},"end":{"line":4,"column":38}},"2":{"start":{"line":5,"column":19},"end":{"line":5,"column":38}},"3":{"start":{"line":6,"column":23},"end":{"line":6,"column":46}},"4":{"start":{"line":7,"column":23},"end":{"line":7,"column":46}},"5":{"start":{"line":8,"column":23},"end":{"line":8,"column":46}},"6":{"start":{"line":9,"column":22},"end":{"line":9,"column":44}},"7":{"start":{"line":11,"column":0},"end":{"line":11,"column":23}},"8":{"start":{"line":12,"column":0},"end":{"line":12,"column":23}},"9":{"start":{"line":13,"column":0},"end":{"line":13,"column":23}},"10":{"start":{"line":14,"column":0},"end":{"line":14,"column":31}},"11":{"start":{"line":15,"column":0},"end":{"line":15,"column":31}},"12":{"start":{"line":16,"column":0},"end":{"line":16,"column":31}},"13":{"start":{"line":17,"column":0},"end":{"line":17,"column":29}}},"fnMap":{},"branchMap":{},"s":{"0":1,"1":1,"2":1,"3":1,"4":1,"5":1,"6":1,"7":1,"8":1,"9":1,"10":1,"11":1,"12":1,"13":1},"f":{},"b":{},"_coverageSchema":"1a1c01bbd47fc00a2c39e90264f33305004495a9","hash":"33283327b24638e6b0c68305dea1e1be6c4ad10e"}
,"/Users/temich/repos/toa/runtime/norm/src/.component/.expand/operations.js": {"path":"/Users/temich/repos/toa/runtime/norm/src/.component/.expand/operations.js","statementMap":{"0":{"start":{"line":3,"column":19},"end":{"line":3,"column":45}},"1":{"start":{"line":4,"column":20},"end":{"line":4,"column":46}},"2":{"start":{"line":7,"column":2},"end":{"line":7,"column":47}},"3":{"start":{"line":7,"column":41},"end":{"line":7,"column":47}},"4":{"start":{"line":9,"column":2},"end":{"line":14,"column":3}},"5":{"start":{"line":10,"column":4},"end":{"line":10,"column":80}},"6":{"start":{"line":10,"column":39},"end":{"line":10,"column":80}},"7":{"start":{"line":11,"column":4},"end":{"line":11,"column":83}},"8":{"start":{"line":11,"column":40},"end":{"line":11,"column":83}},"9":{"start":{"line":12,"column":4},"end":{"line":12,"column":84}},"10":{"start":{"line":12,"column":40},"end":{"line":12,"column":84}},"11":{"start":{"line":13,"column":4},"end":{"line":13,"column":94}},"12":{"start":{"line":13,"column":42},"end":{"line":13,"column":94}},"13":{"start":{"line":17,"column":0},"end":{"line":17,"column":31}}},"fnMap":{"0":{"name":"operations","decl":{"start":{"line":6,"column":9},"end":{"line":6,"column":19}},"loc":{"start":{"line":6,"column":31},"end":{"line":15,"column":1}},"line":6}},"branchMap":{"0":{"loc":{"start":{"line":7,"column":2},"end":{"line":7,"column":47}},"type":"if","locations":[{"start":{"line":7,"column":2},"end":{"line":7,"column":47}},{"start":{},"end":{}}],"line":7},"1":{"loc":{"start":{"line":10,"column":4},"end":{"line":10,"column":80}},"type":"if","locations":[{"start":{"line":10,"column":4},"end":{"line":10,"column":80}},{"start":{},"end":{}}],"line":10},"2":{"loc":{"start":{"line":11,"column":4},"end":{"line":11,"column":83}},"type":"if","locations":[{"start":{"line":11,"column":4},"end":{"line":11,"column":83}},{"start":{},"end":{}}],"line":11},"3":{"loc":{"start":{"line":12,"column":4},"end":{"line":12,"column":84}},"type":"if","locations":[{"start":{"line":12,"column":4},"end":{"line":12,"column":84}},{"start":{},"end":{}}],"line":12},"4":{"loc":{"start":{"line":13,"column":4},"end":{"line":13,"column":94}},"type":"if","locations":[{"start":{"line":13,"column":4},"end":{"line":13,"column":94}},{"start":{},"end":{}}],"line":13}},"s":{"0":1,"1":1,"2":0,"3":0,"4":0,"5":0,"6":0,"7":0,"8":0,"9":0,"10":0,"11":0,"12":0,"13":1},"f":{"0":0},"b":{"0":[0,0],"1":[0,0],"2":[0,0],"3":[0,0],"4":[0,0]},"_coverageSchema":"1a1c01bbd47fc00a2c39e90264f33305004495a9","hash":"008ab58a4ee0b4942ec4050bbbd529170080eb10"}
,"/Users/temich/repos/toa/runtime/norm/src/.component/.expand/properties.js": {"path":"/Users/temich/repos/toa/runtime/norm/src/.component/.expand/properties.js","statementMap":{"0":{"start":{"line":3,"column":22},"end":{"line":3,"column":48}},"1":{"start":{"line":6,"column":2},"end":{"line":6,"column":46}},"2":{"start":{"line":7,"column":2},"end":{"line":7,"column":43}},"3":{"start":{"line":10,"column":18},"end":{"line":12,"column":1}},"4":{"start":{"line":14,"column":0},"end":{"line":14,"column":31}}},"fnMap":{"0":{"name":"properties","decl":{"start":{"line":5,"column":9},"end":{"line":5,"column":19}},"loc":{"start":{"line":5,"column":31},"end":{"line":8,"column":1}},"line":5}},"branchMap":{},"s":{"0":1,"1":0,"2":0,"3":1,"4":1},"f":{"0":0},"b":{},"_coverageSchema":"1a1c01bbd47fc00a2c39e90264f33305004495a9","hash":"66892b47c6036015f3458a3a41c6840e0995f868"}
,"/Users/temich/repos/toa/runtime/norm/src/.component/.expand/receivers.js": {"path":"/Users/temich/repos/toa/runtime/norm/src/.component/.expand/receivers.js","statementMap":{"0":{"start":{"line":3,"column":20},"end":{"line":3,"column":46}},"1":{"start":{"line":6,"column":2},"end":{"line":6,"column":46}},"2":{"start":{"line":6,"column":40},"end":{"line":6,"column":46}},"3":{"start":{"line":8,"column":2},"end":{"line":13,"column":3}},"4":{"start":{"line":9,"column":4},"end":{"line":9,"column":91}},"5":{"start":{"line":9,"column":38},"end":{"line":9,"column":91}},"6":{"start":{"line":11,"column":4},"end":{"line":11,"column":84}},"7":{"start":{"line":11,"column":40},"end":{"line":11,"column":84}},"8":{"start":{"line":12,"column":4},"end":{"line":12,"column":81}},"9":{"start":{"line":12,"column":39},"end":{"line":12,"column":81}},"10":{"start":{"line":16,"column":0},"end":{"line":16,"column":29}}},"fnMap":{"0":{"name":"receivers","decl":{"start":{"line":5,"column":9},"end":{"line":5,"column":18}},"loc":{"start":{"line":5,"column":30},"end":{"line":14,"column":1}},"line":5}},"branchMap":{"0":{"loc":{"start":{"line":6,"column":2},"end":{"line":6,"column":46}},"type":"if","locations":[{"start":{"line":6,"column":2},"end":{"line":6,"column":46}},{"start":{},"end":{}}],"line":6},"1":{"loc":{"start":{"line":9,"column":4},"end":{"line":9,"column":91}},"type":"if","locations":[{"start":{"line":9,"column":4},"end":{"line":9,"column":91}},{"start":{},"end":{}}],"line":9},"2":{"loc":{"start":{"line":11,"column":4},"end":{"line":11,"column":84}},"type":"if","locations":[{"start":{"line":11,"column":4},"end":{"line":11,"column":84}},{"start":{},"end":{}}],"line":11},"3":{"loc":{"start":{"line":12,"column":4},"end":{"line":12,"column":81}},"type":"if","locations":[{"start":{"line":12,"column":4},"end":{"line":12,"column":81}},{"start":{},"end":{}}],"line":12}},"s":{"0":1,"1":0,"2":0,"3":0,"4":0,"5":0,"6":0,"7":0,"8":0,"9":0,"10":1},"f":{"0":0},"b":{"0":[0,0],"1":[0,0],"2":[0,0],"3":[0,0]},"_coverageSchema":"1a1c01bbd47fc00a2c39e90264f33305004495a9","hash":"c75fe9db8c8e662728c65fd021b63e25d398086a"}
,"/Users/temich/repos/toa/runtime/norm/src/.component/.normalize/events.js": {"path":"/Users/temich/repos/toa/runtime/norm/src/.component/.normalize/events.js","statementMap":{"0":{"start":{"line":3,"column":15},"end":{"line":11,"column":1}},"1":{"start":{"line":4,"column":2},"end":{"line":4,"column":44}},"2":{"start":{"line":4,"column":38},"end":{"line":4,"column":44}},"3":{"start":{"line":6,"column":18},"end":{"line":6,"column":98}},"4":{"start":{"line":6,"column":55},"end":{"line":6,"column":97}},"5":{"start":{"line":8,"column":2},"end":{"line":10,"column":3}},"6":{"start":{"line":9,"column":4},"end":{"line":9,"column":60}},"7":{"start":{"line":9,"column":37},"end":{"line":9,"column":60}},"8":{"start":{"line":13,"column":0},"end":{"line":13,"column":23}}},"fnMap":{"0":{"name":"(anonymous_0)","decl":{"start":{"line":3,"column":15},"end":{"line":3,"column":16}},"loc":{"start":{"line":3,"column":30},"end":{"line":11,"column":1}},"line":3},"1":{"name":"(anonymous_1)","decl":{"start":{"line":6,"column":42},"end":{"line":6,"column":43}},"loc":{"start":{"line":6,"column":55},"end":{"line":6,"column":97}},"line":6}},"branchMap":{"0":{"loc":{"start":{"line":4,"column":2},"end":{"line":4,"column":44}},"type":"if","locations":[{"start":{"line":4,"column":2},"end":{"line":4,"column":44}},{"start":{},"end":{}}],"line":4},"1":{"loc":{"start":{"line":9,"column":4},"end":{"line":9,"column":60}},"type":"if","locations":[{"start":{"line":9,"column":4},"end":{"line":9,"column":60}},{"start":{},"end":{}}],"line":9}},"s":{"0":1,"1":0,"2":0,"3":0,"4":0,"5":0,"6":0,"7":0,"8":1},"f":{"0":0,"1":0},"b":{"0":[0,0],"1":[0,0]},"_coverageSchema":"1a1c01bbd47fc00a2c39e90264f33305004495a9","hash":"a2fe654c88d2db66c1b53596e49035481391b829"}
,"/Users/temich/repos/toa/runtime/norm/src/.component/.normalize/extensions.js": {"path":"/Users/temich/repos/toa/runtime/norm/src/.component/.normalize/extensions.js","statementMap":{"0":{"start":{"line":3,"column":32},"end":{"line":3,"column":61}},"1":{"start":{"line":4,"column":20},"end":{"line":4,"column":46}},"2":{"start":{"line":9,"column":19},"end":{"line":33,"column":1}},"3":{"start":{"line":10,"column":2},"end":{"line":10,"column":47}},"4":{"start":{"line":10,"column":41},"end":{"line":10,"column":47}},"5":{"start":{"line":12,"column":21},"end":{"line":12,"column":40}},"6":{"start":{"line":14,"column":2},"end":{"line":32,"column":3}},"7":{"start":{"line":15,"column":14},"end":{"line":15,"column":32}},"8":{"start":{"line":18,"column":4},"end":{"line":18,"column":54}},"9":{"start":{"line":18,"column":24},"end":{"line":18,"column":54}},"10":{"start":{"line":20,"column":22},"end":{"line":20,"column":34}},"11":{"start":{"line":22,"column":4},"end":{"line":26,"column":5}},"12":{"start":{"line":23,"column":6},"end":{"line":23,"column":61}},"13":{"start":{"line":25,"column":6},"end":{"line":25,"column":105}},"14":{"start":{"line":25,"column":37},"end":{"line":25,"column":105}},"15":{"start":{"line":28,"column":4},"end":{"line":28,"column":33}},"16":{"start":{"line":31,"column":4},"end":{"line":31,"column":55}},"17":{"start":{"line":31,"column":27},"end":{"line":31,"column":55}},"18":{"start":{"line":35,"column":0},"end":{"line":35,"column":31}}},"fnMap":{"0":{"name":"(anonymous_0)","decl":{"start":{"line":9,"column":19},"end":{"line":9,"column":20}},"loc":{"start":{"line":9,"column":33},"end":{"line":33,"column":1}},"line":9}},"branchMap":{"0":{"loc":{"start":{"line":10,"column":2},"end":{"line":10,"column":47}},"type":"if","locations":[{"start":{"line":10,"column":2},"end":{"line":10,"column":47}},{"start":{},"end":{}}],"line":10},"1":{"loc":{"start":{"line":18,"column":4},"end":{"line":18,"column":54}},"type":"if","locations":[{"start":{"line":18,"column":4},"end":{"line":18,"column":54}},{"start":{},"end":{}}],"line":18},"2":{"loc":{"start":{"line":22,"column":4},"end":{"line":26,"column":5}},"type":"if","locations":[{"start":{"line":22,"column":4},"end":{"line":26,"column":5}},{"start":{},"end":{}}],"line":22},"3":{"loc":{"start":{"line":25,"column":6},"end":{"line":25,"column":105}},"type":"if","locations":[{"start":{"line":25,"column":6},"end":{"line":25,"column":105}},{"start":{},"end":{}}],"line":25},"4":{"loc":{"start":{"line":31,"column":4},"end":{"line":31,"column":55}},"type":"if","locations":[{"start":{"line":31,"column":4},"end":{"line":31,"column":55}},{"start":{},"end":{}}],"line":31}},"s":{"0":1,"1":1,"2":1,"3":0,"4":0,"5":0,"6":0,"7":0,"8":0,"9":0,"10":0,"11":0,"12":0,"13":0,"14":0,"15":0,"16":0,"17":0,"18":1},"f":{"0":0},"b":{"0":[0,0],"1":[0,0],"2":[0,0],"3":[0,0],"4":[0,0]},"_coverageSchema":"1a1c01bbd47fc00a2c39e90264f33305004495a9","hash":"e7957f8a9da068c3abd06d370949356090ed198e"}
,"/Users/temich/repos/toa/runtime/norm/src/.component/.normalize/index.js": {"path":"/Users/temich/repos/toa/runtime/norm/src/.component/.normalize/index.js","statementMap":{"0":{"start":{"line":3,"column":19},"end":{"line":3,"column":38}},"1":{"start":{"line":4,"column":23},"end":{"line":4,"column":46}},"2":{"start":{"line":5,"column":23},"end":{"line":5,"column":46}},"3":{"start":{"line":6,"column":22},"end":{"line":6,"column":44}},"4":{"start":{"line":8,"column":0},"end":{"line":8,"column":23}},"5":{"start":{"line":9,"column":0},"end":{"line":9,"column":31}},"6":{"start":{"line":10,"column":0},"end":{"line":10,"column":31}},"7":{"start":{"line":11,"column":0},"end":{"line":11,"column":29}}},"fnMap":{},"branchMap":{},"s":{"0":1,"1":1,"2":1,"3":1,"4":1,"5":1,"6":1,"7":1},"f":{},"b":{},"_coverageSchema":"1a1c01bbd47fc00a2c39e90264f33305004495a9","hash":"53993687e1f0a875bd255413174e8323e3ff7b90"}
,"/Users/temich/repos/toa/runtime/norm/src/.component/.normalize/operations.js": {"path":"/Users/temich/repos/toa/runtime/norm/src/.component/.normalize/operations.js","statementMap":{"0":{"start":{"line":3,"column":19},"end":{"line":10,"column":1}},"1":{"start":{"line":4,"column":2},"end":{"line":4,"column":48}},"2":{"start":{"line":4,"column":42},"end":{"line":4,"column":48}},"3":{"start":{"line":6,"column":2},"end":{"line":9,"column":3}},"4":{"start":{"line":7,"column":4},"end":{"line":7,"column":81}},"5":{"start":{"line":7,"column":42},"end":{"line":7,"column":81}},"6":{"start":{"line":8,"column":4},"end":{"line":8,"column":73}},"7":{"start":{"line":8,"column":36},"end":{"line":8,"column":73}},"8":{"start":{"line":12,"column":0},"end":{"line":12,"column":31}}},"fnMap":{"0":{"name":"(anonymous_0)","decl":{"start":{"line":3,"column":19},"end":{"line":3,"column":20}},"loc":{"start":{"line":3,"column":34},"end":{"line":10,"column":1}},"line":3}},"branchMap":{"0":{"loc":{"start":{"line":4,"column":2},"end":{"line":4,"column":48}},"type":"if","locations":[{"start":{"line":4,"column":2},"end":{"line":4,"column":48}},{"start":{},"end":{}}],"line":4},"1":{"loc":{"start":{"line":7,"column":4},"end":{"line":7,"column":81}},"type":"if","locations":[{"start":{"line":7,"column":4},"end":{"line":7,"column":81}},{"start":{},"end":{}}],"line":7},"2":{"loc":{"start":{"line":8,"column":4},"end":{"line":8,"column":73}},"type":"if","locations":[{"start":{"line":8,"column":4},"end":{"line":8,"column":73}},{"start":{},"end":{}}],"line":8}},"s":{"0":1,"1":0,"2":0,"3":0,"4":0,"5":0,"6":0,"7":0,"8":1},"f":{"0":0},"b":{"0":[0,0],"1":[0,0],"2":[0,0]},"_coverageSchema":"1a1c01bbd47fc00a2c39e90264f33305004495a9","hash":"39f026f5b7f8211e873e040d9747167a49952bd4"}
,"/Users/temich/repos/toa/runtime/norm/src/.component/.normalize/receivers.js": {"path":"/Users/temich/repos/toa/runtime/norm/src/.component/.normalize/receivers.js","statementMap":{"0":{"start":{"line":4,"column":2},"end":{"line":4,"column":47}},"1":{"start":{"line":4,"column":41},"end":{"line":4,"column":47}},"2":{"start":{"line":6,"column":20},"end":{"line":6,"column":39}},"3":{"start":{"line":8,"column":2},"end":{"line":19,"column":3}},"4":{"start":{"line":9,"column":21},"end":{"line":9,"column":35}},"5":{"start":{"line":10,"column":19},"end":{"line":10,"column":44}},"6":{"start":{"line":12,"column":4},"end":{"line":12,"column":38}},"7":{"start":{"line":12,"column":30},"end":{"line":12,"column":38}},"8":{"start":{"line":13,"column":4},"end":{"line":13,"column":39}},"9":{"start":{"line":13,"column":31},"end":{"line":13,"column":39}},"10":{"start":{"line":15,"column":19},"end":{"line":15,"column":35}},"11":{"start":{"line":17,"column":4},"end":{"line":17,"column":25}},"12":{"start":{"line":18,"column":4},"end":{"line":18,"column":29}},"13":{"start":{"line":22,"column":0},"end":{"line":22,"column":29}}},"fnMap":{"0":{"name":"receivers","decl":{"start":{"line":3,"column":9},"end":{"line":3,"column":18}},"loc":{"start":{"line":3,"column":31},"end":{"line":20,"column":1}},"line":3}},"branchMap":{"0":{"loc":{"start":{"line":4,"column":2},"end":{"line":4,"column":47}},"type":"if","locations":[{"start":{"line":4,"column":2},"end":{"line":4,"column":47}},{"start":{},"end":{}}],"line":4},"1":{"loc":{"start":{"line":10,"column":19},"end":{"line":10,"column":44}},"type":"binary-expr","locations":[{"start":{"line":10,"column":19},"end":{"line":10,"column":31}},{"start":{"line":10,"column":35},"end":{"line":10,"column":44}}],"line":10},"2":{"loc":{"start":{"line":12,"column":4},"end":{"line":12,"column":38}},"type":"if","locations":[{"start":{"line":12,"column":4},"end":{"line":12,"column":38}},{"start":{},"end":{}}],"line":12},"3":{"loc":{"start":{"line":13,"column":4},"end":{"line":13,"column":39}},"type":"if","locations":[{"start":{"line":13,"column":4},"end":{"line":13,"column":39}},{"start":{},"end":{}}],"line":13}},"s":{"0":0,"1":0,"2":0,"3":0,"4":0,"5":0,"6":0,"7":0,"8":0,"9":0,"10":0,"11":0,"12":0,"13":1},"f":{"0":0},"b":{"0":[0,0],"1":[0,0],"2":[0,0],"3":[0,0]},"_coverageSchema":"1a1c01bbd47fc00a2c39e90264f33305004495a9","hash":"f11fe34c58ab673a34cb718daac4180032ae6a40"}
,"/Users/temich/repos/toa/runtime/norm/test/component/validate.fixtures.js": {"path":"/Users/temich/repos/toa/runtime/norm/test/component/validate.fixtures.js","statementMap":{"0":{"start":{"line":3,"column":11},"end":{"line":56,"column":1}},"1":{"start":{"line":58,"column":0},"end":{"line":58,"column":15}}},"fnMap":{},"branchMap":{},"s":{"0":1,"1":1},"f":{},"b":{},"_coverageSchema":"1a1c01bbd47fc00a2c39e90264f33305004495a9","hash":"de204f0033ba3f23b7e49da3c827c1d18dfe80eb"}
}
